<?xml version="1.0" encoding="UTF-8"?>
<testng-results skipped="0" failed="1" ignored="0" total="1" passed="0">
  <reporter-output>
    <line>
      <![CDATA[<div style="display:block;margin-left:10px;"><div  class="teststepfail"><span class="teststepfail-label">T </span>Given Open my application <a href="../img/Flipkart_17xzum4icdpb822870.png" target="_blank">[View Screenshot]</a> </div><div style="display:block;margin-left:10px;"><div  class="fail"><span class="fail-label">F </span>Timed out after 30 seconds waiting for presence of element located by: By.xpath: android.widget.Button
Build info: version: '2.53.0', revision: '35ae25b1534ae328c771e0856c93e187490ca824', time: '2016-03-15 10:43:46'
System info: host: 'ICPL11492', ip: '192.168.238.2', os.name: 'Windows 10', os.arch: 'amd64', os.version: '10.0', java.version: '1.8.0_144'
Driver info: driver.version: QAFExtendedWebDriver</div></div></div>]]>
    </line>
  </reporter-output>
  <suite name="QAS Demo" duration-ms="52165" started-at="2018-02-22T10:46:58Z" finished-at="2018-02-22T10:47:50Z">
    <groups>
    </groups>
    <test name="BDD Test" duration-ms="52165" started-at="2018-02-22T10:46:58Z" finished-at="2018-02-22T10:47:50Z">
      <class name="com.qmetry.qaf.automation.step.client.Scenario">
        <test-method status="PASS" signature="setupSuit(org.testng.ITestContext)[pri:0, instance:com.qmetry.qaf.automation.step.client.Scenario@3e8]" test-instance-name="Flipkart" name="setupSuit" is-config="true" duration-ms="71" started-at="2018-02-22T16:16:58Z" finished-at="2018-02-22T16:16:58Z">
          <params>
            <param index="0">
              <value>
                <![CDATA[org.testng.TestRunner@2aa3cd93]]>
              </value>
            </param>
          </params>
          <reporter-output>
          </reporter-output>
        </test-method> <!-- setupSuit -->
        <test-method status="PASS" signature="setupTest(org.testng.ITestContext)[pri:0, instance:com.qmetry.qaf.automation.step.client.Scenario@3e8]" test-instance-name="Flipkart" name="setupTest" is-config="true" duration-ms="4" started-at="2018-02-22T16:16:58Z" finished-at="2018-02-22T16:16:58Z">
          <params>
            <param index="0">
              <value>
                <![CDATA[org.testng.TestRunner@2aa3cd93]]>
              </value>
            </param>
          </params>
          <reporter-output>
          </reporter-output>
        </test-method> <!-- setupTest -->
        <test-method status="PASS" signature="setup(org.testng.ITestContext)[pri:0, instance:com.qmetry.qaf.automation.step.client.Scenario@3e8]" test-instance-name="Flipkart" name="setup" is-config="true" duration-ms="3" started-at="2018-02-22T16:16:58Z" finished-at="2018-02-22T16:16:58Z">
          <params>
            <param index="0">
              <value>
                <![CDATA[org.testng.TestRunner@2aa3cd93]]>
              </value>
            </param>
          </params>
          <reporter-output>
          </reporter-output>
        </test-method> <!-- setup -->
        <test-method status="PASS" signature="setupMethod(java.lang.reflect.Method, org.testng.ITestContext)[pri:0, instance:com.qmetry.qaf.automation.step.client.Scenario@3e8]" test-instance-name="Flipkart" name="setupMethod" is-config="true" duration-ms="1" started-at="2018-02-22T16:16:58Z" finished-at="2018-02-22T16:16:58Z">
          <params>
            <param index="0">
              <value>
                <![CDATA[public void com.qmetry.qaf.automation.step.client.Scenario.scenario()]]>
              </value>
            </param>
            <param index="1">
              <value>
                <![CDATA[org.testng.TestRunner@2aa3cd93]]>
              </value>
            </param>
          </params>
          <reporter-output>
          </reporter-output>
        </test-method> <!-- setupMethod -->
        <test-method status="FAIL" signature="Flipkart()[pri:1000, instance:com.qmetry.qaf.automation.step.client.Scenario@3e8]" test-instance-name="Flipkart" name="Flipkart" duration-ms="47749" started-at="2018-02-22T16:16:58Z" finished-at="2018-02-22T16:17:46Z">
          <exception class="org.openqa.selenium.TimeoutException">
            <message>
              <![CDATA[Timed out after 30 seconds waiting for presence of element located by: By.xpath: android.widget.Button
Build info: version: '2.53.0', revision: '35ae25b1534ae328c771e0856c93e187490ca824', time: '2016-03-15 10:43:46'
System info: host: 'ICPL11492', ip: '192.168.238.2', os.name: 'Windows 10', os.arch: 'amd64', os.version: '10.0', java.version: '1.8.0_144'
Driver info: driver.version: QAFExtendedWebDriver]]>
            </message>
            <full-stacktrace>
              <![CDATA[org.openqa.selenium.TimeoutException: Timed out after 30 seconds waiting for presence of element located by: By.xpath: android.widget.Button
Build info: version: '2.53.0', revision: '35ae25b1534ae328c771e0856c93e187490ca824', time: '2016-03-15 10:43:46'
System info: host: 'ICPL11492', ip: '192.168.238.2', os.name: 'Windows 10', os.arch: 'amd64', os.version: '10.0', java.version: '1.8.0_144'
Driver info: driver.version: QAFExtendedWebDriver
	at .Given Open my application(scenarios/Flip.bdd:8)
	at org.openqa.selenium.support.ui.FluentWait.timeoutException(FluentWait.java:292)
	at org.openqa.selenium.support.ui.FluentWait.until(FluentWait.java:261)
	at com.qmetry.qaf.automation.ui.webdriver.QAFExtendedWebDriver.load(QAFExtendedWebDriver.java:214)
	at com.qmetry.qaf.automation.ui.webdriver.QAFExtendedWebElement.load(QAFExtendedWebElement.java:284)
	at com.qmetry.qaf.automation.ui.webdriver.QAFExtendedWebElement.execute(QAFExtendedWebElement.java:239)
	at org.openqa.selenium.remote.RemoteWebElement.click(RemoteWebElement.java:85)
	at com.page.FlipkartHomePageStep.openApp_aroundBody0(FlipkartHomePageStep.java:39)
	at com.qmetry.qaf.automation.step.JavaStepReporter.javaTestStep(JavaStepReporter.java:101)
	at com.page.FlipkartHomePageStep.openApp(FlipkartHomePageStep.java:38)
	at com.qmetry.qaf.automation.step.JavaStep.doExecute(JavaStep.java:160)
	at com.qmetry.qaf.automation.step.BaseTestStep.execute(BaseTestStep.java:149)
	at com.qmetry.qaf.automation.step.StringTestStep.execute(StringTestStep.java:134)
	at com.qmetry.qaf.automation.step.client.Scenario.execute(Scenario.java:167)
	at com.qmetry.qaf.automation.step.client.Scenario.scenario(Scenario.java:219)
	at org.apache.maven.surefire.testng.TestNGExecutor.run(TestNGExecutor.java:122)
	at org.apache.maven.surefire.testng.TestNGXmlTestSuite.execute(TestNGXmlTestSuite.java:92)
	at org.apache.maven.surefire.testng.TestNGProvider.invoke(TestNGProvider.java:101)
	at org.apache.maven.surefire.util.ReflectionUtils.invokeMethodWithArray(ReflectionUtils.java:164)
	at org.apache.maven.surefire.booter.ProviderFactory$ProviderProxy.invoke(ProviderFactory.java:110)
	at org.apache.maven.surefire.booter.SurefireStarter.invokeProvider(SurefireStarter.java:172)
	at org.apache.maven.surefire.booter.SurefireStarter.runSuitesInProcessWhenForked(SurefireStarter.java:104)
	at org.apache.maven.surefire.booter.ForkedBooter.main(ForkedBooter.java:70)
Caused by: org.openqa.selenium.NoSuchElementException: An element could not be located on the page using the given search parameters. (WARNING: The server did not provide any stacktrace information)
Command duration or timeout: 241 milliseconds
For documentation on this error, please visit: http://seleniumhq.org/exceptions/no_such_element.html
Build info: version: '2.53.0', revision: '35ae25b1534ae328c771e0856c93e187490ca824', time: '2016-03-15 10:43:46'
System info: host: 'ICPL11492', ip: '192.168.238.2', os.name: 'Windows 10', os.arch: 'amd64', os.version: '10.0', java.version: '1.8.0_144'
Driver info: com.qmetry.qaf.automation.ui.webdriver.QAFExtendedWebDriver
Capabilities [{appPackage=com.flipkart.android, deviceScreenSize=768x1280, networkConnectionEnabled=true, warnings={}, databaseEnabled=false, deviceName=192.168.238.101:5555, platform=LINUX, deviceUDID=192.168.238.101:5555, appActivity=com.flipkart.android.activity.HomeFragmentHolderActivity, browser_name=, desired={appPackage=com.flipkart.android, appActivity=com.flipkart.android.activity.HomeFragmentHolderActivity, browser_name=, appium-version=4.1.2, newCommandTimeout=120, automationName=appium, takesScreenshot=true, javascriptEnabled=true, driver.class=io.appium.java_client.android.AndroidDriver, platformName=Android, deviceName=192.168.238.101:5555, cssSelectorsEnabled=true}, appium-version=4.1.2, newCommandTimeout=120, platformVersion=6.0, webStorageEnabled=false, locationContextEnabled=false, automationName=appium, takesScreenshot=true, javascriptEnabled=true, driver.class=io.appium.java_client.android.AndroidDriver, deviceModel=Custom Phone - 6.0.0 - API 23 - 768x1280, platformName=Android, deviceManufacturer=Genymotion, cssSelectorsEnabled=true}]
Session ID: bb2cb9c3-1603-49b6-9276-04c37debec13
*** Element info: {Using=xpath, value=android.widget.Button}
	at sun.reflect.GeneratedConstructorAccessor11.newInstance(Unknown Source)
	at sun.reflect.DelegatingConstructorAccessorImpl.newInstance(DelegatingConstructorAccessorImpl.java:45)
	at java.lang.reflect.Constructor.newInstance(Constructor.java:423)
	at org.openqa.selenium.remote.ErrorHandler.createThrowable(ErrorHandler.java:206)
	at org.openqa.selenium.remote.ErrorHandler.throwIfResponseFailed(ErrorHandler.java:158)
	at org.openqa.selenium.remote.RemoteWebDriver.execute(RemoteWebDriver.java:678)
	at com.qmetry.qaf.automation.ui.webdriver.QAFExtendedWebDriver.execute(QAFExtendedWebDriver.java:234)
	at org.openqa.selenium.remote.RemoteWebDriver.findElement(RemoteWebDriver.java:363)
	at org.openqa.selenium.remote.RemoteWebDriver.findElementByXPath(RemoteWebDriver.java:500)
	at com.qmetry.qaf.automation.ui.webdriver.QAFExtendedWebDriver.findElementByXPath(QAFExtendedWebDriver.java:398)
	at com.qmetry.qaf.automation.ui.webdriver.QAFExtendedWebDriver.findElementByXPath(QAFExtendedWebDriver.java:1)
	at org.openqa.selenium.By$ByXPath.findElement(By.java:361)
	at org.openqa.selenium.remote.RemoteWebDriver.findElement(RemoteWebDriver.java:355)
	at com.qmetry.qaf.automation.ui.webdriver.QAFExtendedWebDriver.findElement(QAFExtendedWebDriver.java:169)
	at com.qmetry.qaf.automation.ui.webdriver.QAFExtendedWebDriver.findElement(QAFExtendedWebDriver.java:1)
	at org.openqa.selenium.support.ui.ExpectedConditions.findElement(ExpectedConditions.java:899)
	at org.openqa.selenium.support.ui.ExpectedConditions.access$000(ExpectedConditions.java:41)
	at org.openqa.selenium.support.ui.ExpectedConditions$6.apply(ExpectedConditions.java:181)
	at org.openqa.selenium.support.ui.ExpectedConditions$6.apply(ExpectedConditions.java:178)
	at org.openqa.selenium.support.ui.FluentWait.until(FluentWait.java:238)
	at com.qmetry.qaf.automation.ui.webdriver.QAFExtendedWebDriver.load(QAFExtendedWebDriver.java:214)
	at com.qmetry.qaf.automation.ui.webdriver.QAFExtendedWebElement.load(QAFExtendedWebElement.java:284)
	at com.qmetry.qaf.automation.ui.webdriver.QAFExtendedWebElement.execute(QAFExtendedWebElement.java:239)
	at org.openqa.selenium.remote.RemoteWebElement.click(RemoteWebElement.java:85)
	at com.page.FlipkartHomePageStep.openApp_aroundBody0(FlipkartHomePageStep.java:39)
	at com.page.FlipkartHomePageStep$AjcClosure1.run(FlipkartHomePageStep.java:1)
	at org.aspectj.runtime.reflect.JoinPointImpl.proceed(JoinPointImpl.java:149)
	at com.qmetry.qaf.automation.step.JavaStepReporter.javaTestStep(JavaStepReporter.java:101)
	at com.page.FlipkartHomePageStep.openApp(FlipkartHomePageStep.java:38)
	at sun.reflect.NativeMethodAccessorImpl.invoke0(Native Method)
	at sun.reflect.NativeMethodAccessorImpl.invoke(NativeMethodAccessorImpl.java:62)
	at sun.reflect.DelegatingMethodAccessorImpl.invoke(DelegatingMethodAccessorImpl.java:43)
	at java.lang.reflect.Method.invoke(Method.java:498)
	at com.qmetry.qaf.automation.step.JavaStep.doExecute(JavaStep.java:160)
	at com.qmetry.qaf.automation.step.BaseTestStep.execute(BaseTestStep.java:149)
	at com.qmetry.qaf.automation.step.StringTestStep.execute(StringTestStep.java:134)
	at com.qmetry.qaf.automation.step.client.Scenario.execute(Scenario.java:167)
	at com.qmetry.qaf.automation.step.client.Scenario.scenario(Scenario.java:219)
	at sun.reflect.NativeMethodAccessorImpl.invoke0(Native Method)
	at sun.reflect.NativeMethodAccessorImpl.invoke(NativeMethodAccessorImpl.java:62)
	at sun.reflect.DelegatingMethodAccessorImpl.invoke(DelegatingMethodAccessorImpl.java:43)
	at java.lang.reflect.Method.invoke(Method.java:498)
	at org.testng.internal.MethodInvocationHelper.invokeMethod(MethodInvocationHelper.java:104)
	at org.testng.internal.Invoker.invokeMethod(Invoker.java:645)
	at org.testng.internal.Invoker.invokeTestMethod(Invoker.java:851)
	at org.testng.internal.Invoker.invokeTestMethods(Invoker.java:1177)
	at org.testng.internal.TestMethodWorker.invokeTestMethods(TestMethodWorker.java:129)
	at org.testng.internal.TestMethodWorker.run(TestMethodWorker.java:112)
	at org.testng.TestRunner.privateRun(TestRunner.java:781)
	at org.testng.TestRunner.run(TestRunner.java:635)
	at org.testng.SuiteRunner.runTest(SuiteRunner.java:387)
	at org.testng.SuiteRunner.runSequentially(SuiteRunner.java:382)
	at org.testng.SuiteRunner.privateRun(SuiteRunner.java:340)
	at org.testng.SuiteRunner.run(SuiteRunner.java:289)
	at org.testng.SuiteRunnerWorker.runSuite(SuiteRunnerWorker.java:52)
	at org.testng.SuiteRunnerWorker.run(SuiteRunnerWorker.java:86)
	at org.testng.TestNG.runSuitesSequentially(TestNG.java:1293)
	at org.testng.TestNG.runSuitesLocally(TestNG.java:1218)
	at org.testng.TestNG.runSuites(TestNG.java:1133)
	at org.testng.TestNG.run(TestNG.java:1104)
	at org.apache.maven.surefire.testng.TestNGExecutor.run(TestNGExecutor.java:122)
	at org.apache.maven.surefire.testng.TestNGXmlTestSuite.execute(TestNGXmlTestSuite.java:92)
	at org.apache.maven.surefire.testng.TestNGProvider.invoke(TestNGProvider.java:101)
	at sun.reflect.NativeMethodAccessorImpl.invoke0(Native Method)
	at sun.reflect.NativeMethodAccessorImpl.invoke(NativeMethodAccessorImpl.java:62)
	at sun.reflect.DelegatingMethodAccessorImpl.invoke(DelegatingMethodAccessorImpl.java:43)
	at java.lang.reflect.Method.invoke(Method.java:498)
	... 5 more
]]>
            </full-stacktrace>
          </exception> <!-- org.openqa.selenium.TimeoutException -->
          <reporter-output>
            <line>
              <![CDATA[<div style="display:block;margin-left:10px;"><div  class="teststepfail"><span class="teststepfail-label">T </span>Given Open my application <a href="../img/Flipkart_17xzum4icdpb822870.png" target="_blank">[View Screenshot]</a> </div><div style="display:block;margin-left:10px;"><div  class="fail"><span class="fail-label">F </span>Timed out after 30 seconds waiting for presence of element located by: By.xpath: android.widget.Button
Build info: version: '2.53.0', revision: '35ae25b1534ae328c771e0856c93e187490ca824', time: '2016-03-15 10:43:46'
System info: host: 'ICPL11492', ip: '192.168.238.2', os.name: 'Windows 10', os.arch: 'amd64', os.version: '10.0', java.version: '1.8.0_144'
Driver info: driver.version: QAFExtendedWebDriver</div></div></div>]]>
            </line>
          </reporter-output>
        </test-method> <!-- Flipkart -->
        <test-method status="PASS" signature="afterMethod(org.testng.ITestContext, org.testng.ITestResult)[pri:0, instance:com.qmetry.qaf.automation.step.client.Scenario@3e8]" test-instance-name="Flipkart" name="afterMethod" is-config="true" duration-ms="1" started-at="2018-02-22T16:17:48Z" finished-at="2018-02-22T16:17:48Z">
          <params>
            <param index="0">
              <value>
                <![CDATA[org.testng.TestRunner@2aa3cd93]]>
              </value>
            </param>
            <param index="1">
              <value>
                <![CDATA[[TestResult name=Flipkart status=FAILURE method=scenarios.Flip.bdd.Flipkart()[pri:1000, instance:com.qmetry.qaf.automation.step.client.Scenario@3e8] output=<div style="display:block;margin-left:10px;"><div  class="teststepfail"><span class="teststepfail-label">T </span>Given Open my application <a href="../img/Flipkart_17xzum4icdpb822870.png" target="_blank">[View Screenshot]</a> </div><div style="display:block;margin-left:10px;"><div  class="fail"><span class="fail-label">F </span>Timed out after 30 seconds waiting for presence of element located by: By.xpath: android.widget.Button
Build info: version: '2.53.0', revision: '35ae25b1534ae328c771e0856c93e187490ca824', time: '2016-03-15 10:43:46'
System info: host: 'ICPL11492', ip: '192.168.238.2', os.name: 'Windows 10', os.arch: 'amd64', os.version: '10.0', java.version: '1.8.0_144'
Driver info: driver.version: QAFExtendedWebDriver</div></div></div>]]]>
              </value>
            </param>
          </params>
          <reporter-output>
          </reporter-output>
        </test-method> <!-- afterMethod -->
        <test-method status="PASS" signature="afterClass(org.testng.ITestContext)[pri:0, instance:com.qmetry.qaf.automation.step.client.Scenario@3e8]" test-instance-name="Flipkart" name="afterClass" is-config="true" duration-ms="0" started-at="2018-02-22T16:17:48Z" finished-at="2018-02-22T16:17:48Z">
          <params>
            <param index="0">
              <value>
                <![CDATA[org.testng.TestRunner@2aa3cd93]]>
              </value>
            </param>
          </params>
          <reporter-output>
          </reporter-output>
        </test-method> <!-- afterClass -->
        <test-method status="PASS" signature="afterTest(org.testng.ITestContext)[pri:0, instance:com.qmetry.qaf.automation.step.client.Scenario@3e8]" test-instance-name="Flipkart" name="afterTest" is-config="true" duration-ms="2543" started-at="2018-02-22T16:17:48Z" finished-at="2018-02-22T16:17:50Z">
          <params>
            <param index="0">
              <value>
                <![CDATA[org.testng.TestRunner@2aa3cd93]]>
              </value>
            </param>
          </params>
          <reporter-output>
          </reporter-output>
        </test-method> <!-- afterTest -->
        <test-method status="PASS" signature="afterSuit(org.testng.ITestContext)[pri:0, instance:com.qmetry.qaf.automation.step.client.Scenario@3e8]" test-instance-name="Flipkart" name="afterSuit" is-config="true" duration-ms="3" started-at="2018-02-22T16:17:51Z" finished-at="2018-02-22T16:17:51Z">
          <params>
            <param index="0">
              <value>
                <![CDATA[org.testng.TestRunner@2aa3cd93]]>
              </value>
            </param>
          </params>
          <reporter-output>
          </reporter-output>
        </test-method> <!-- afterSuit -->
      </class> <!-- com.qmetry.qaf.automation.step.client.Scenario -->
    </test> <!-- BDD Test -->
  </suite> <!-- QAS Demo -->
</testng-results>
